  game_1.cpp
  game_2.cpp
  game_3.cpp
  main.cpp
  코드를 생성하고 있습니다...
game_1.obj : error LNK2019: "__declspec(dllimport) public: __cdecl sf::String::String(char const *,class std::locale const &)" (__imp_??0String@sf@@QEAA@PEBDAEBVlocale@std@@@Z)"void __cdecl main_game_1(void)" (?main_game_1@@YAXXZ) 함수에서 참조되는 확인할 수 없는 외부 기호
game_3.obj : error LNK2001: 확인할 수 없는 외부 기호 "__declspec(dllimport) public: __cdecl sf::String::String(char const *,class std::locale const &)" (__imp_??0String@sf@@QEAA@PEBDAEBVlocale@std@@@Z)
main.obj : error LNK2001: 확인할 수 없는 외부 기호 "__declspec(dllimport) public: __cdecl sf::String::String(char const *,class std::locale const &)" (__imp_??0String@sf@@QEAA@PEBDAEBVlocale@std@@@Z)
game_1.obj : error LNK2019: "__declspec(dllimport) public: __cdecl sf::String::~String(void)" (__imp_??1String@sf@@QEAA@XZ)"void __cdecl main_game_1(void)" (?main_game_1@@YAXXZ) 함수에서 참조되는 확인할 수 없는 외부 기호
game_3.obj : error LNK2001: 확인할 수 없는 외부 기호 "__declspec(dllimport) public: __cdecl sf::String::~String(void)" (__imp_??1String@sf@@QEAA@XZ)
main.obj : error LNK2001: 확인할 수 없는 외부 기호 "__declspec(dllimport) public: __cdecl sf::String::~String(void)" (__imp_??1String@sf@@QEAA@XZ)
game_1.obj : error LNK2019: "__declspec(dllimport) public: static bool __cdecl sf::Keyboard::isKeyPressed(enum sf::Keyboard::Key)" (__imp_?isKeyPressed@Keyboard@sf@@SA_NW4Key@12@@Z)"void __cdecl main_game_1(void)" (?main_game_1@@YAXXZ) 함수에서 참조되는 확인할 수 없는 외부 기호
main.obj : error LNK2001: 확인할 수 없는 외부 기호 "__declspec(dllimport) public: static bool __cdecl sf::Keyboard::isKeyPressed(enum sf::Keyboard::Key)" (__imp_?isKeyPressed@Keyboard@sf@@SA_NW4Key@12@@Z)
game_1.obj : error LNK2019: "__declspec(dllimport) public: __cdecl sf::VideoMode::VideoMode(unsigned int,unsigned int,unsigned int)" (__imp_??0VideoMode@sf@@QEAA@III@Z)"void __cdecl main_game_1(void)" (?main_game_1@@YAXXZ) 함수에서 참조되는 확인할 수 없는 외부 기호
game_3.obj : error LNK2001: 확인할 수 없는 외부 기호 "__declspec(dllimport) public: __cdecl sf::VideoMode::VideoMode(unsigned int,unsigned int,unsigned int)" (__imp_??0VideoMode@sf@@QEAA@III@Z)
main.obj : error LNK2001: 확인할 수 없는 외부 기호 "__declspec(dllimport) public: __cdecl sf::VideoMode::VideoMode(unsigned int,unsigned int,unsigned int)" (__imp_??0VideoMode@sf@@QEAA@III@Z)
game_1.obj : error LNK2019: "__declspec(dllimport) public: void __cdecl sf::Window::close(void)" (__imp_?close@Window@sf@@QEAAXXZ)"void __cdecl main_game_1(void)" (?main_game_1@@YAXXZ) 함수에서 참조되는 확인할 수 없는 외부 기호
game_3.obj : error LNK2001: 확인할 수 없는 외부 기호 "__declspec(dllimport) public: void __cdecl sf::Window::close(void)" (__imp_?close@Window@sf@@QEAAXXZ)
main.obj : error LNK2001: 확인할 수 없는 외부 기호 "__declspec(dllimport) public: void __cdecl sf::Window::close(void)" (__imp_?close@Window@sf@@QEAAXXZ)
game_1.obj : error LNK2019: "__declspec(dllimport) public: bool __cdecl sf::Window::isOpen(void)const " (__imp_?isOpen@Window@sf@@QEBA_NXZ)"void __cdecl main_game_1(void)" (?main_game_1@@YAXXZ) 함수에서 참조되는 확인할 수 없는 외부 기호
game_3.obj : error LNK2001: 확인할 수 없는 외부 기호 "__declspec(dllimport) public: bool __cdecl sf::Window::isOpen(void)const " (__imp_?isOpen@Window@sf@@QEBA_NXZ)
main.obj : error LNK2001: 확인할 수 없는 외부 기호 "__declspec(dllimport) public: bool __cdecl sf::Window::isOpen(void)const " (__imp_?isOpen@Window@sf@@QEBA_NXZ)
game_1.obj : error LNK2019: "__declspec(dllimport) public: bool __cdecl sf::Window::pollEvent(class sf::Event &)" (__imp_?pollEvent@Window@sf@@QEAA_NAEAVEvent@2@@Z)"void __cdecl main_game_1(void)" (?main_game_1@@YAXXZ) 함수에서 참조되는 확인할 수 없는 외부 기호
game_3.obj : error LNK2001: 확인할 수 없는 외부 기호 "__declspec(dllimport) public: bool __cdecl sf::Window::pollEvent(class sf::Event &)" (__imp_?pollEvent@Window@sf@@QEAA_NAEAVEvent@2@@Z)
main.obj : error LNK2001: 확인할 수 없는 외부 기호 "__declspec(dllimport) public: bool __cdecl sf::Window::pollEvent(class sf::Event &)" (__imp_?pollEvent@Window@sf@@QEAA_NAEAVEvent@2@@Z)
game_1.obj : error LNK2019: "__declspec(dllimport) public: void __cdecl sf::Window::setFramerateLimit(unsigned int)" (__imp_?setFramerateLimit@Window@sf@@QEAAXI@Z)"void __cdecl main_game_1(void)" (?main_game_1@@YAXXZ) 함수에서 참조되는 확인할 수 없는 외부 기호
game_3.obj : error LNK2001: 확인할 수 없는 외부 기호 "__declspec(dllimport) public: void __cdecl sf::Window::setFramerateLimit(unsigned int)" (__imp_?setFramerateLimit@Window@sf@@QEAAXI@Z)
main.obj : error LNK2001: 확인할 수 없는 외부 기호 "__declspec(dllimport) public: void __cdecl sf::Window::setFramerateLimit(unsigned int)" (__imp_?setFramerateLimit@Window@sf@@QEAAXI@Z)
game_1.obj : error LNK2019: "__declspec(dllimport) public: void __cdecl sf::Window::display(void)" (__imp_?display@Window@sf@@QEAAXXZ)"void __cdecl main_game_1(void)" (?main_game_1@@YAXXZ) 함수에서 참조되는 확인할 수 없는 외부 기호
game_3.obj : error LNK2001: 확인할 수 없는 외부 기호 "__declspec(dllimport) public: void __cdecl sf::Window::display(void)" (__imp_?display@Window@sf@@QEAAXXZ)
main.obj : error LNK2001: 확인할 수 없는 외부 기호 "__declspec(dllimport) public: void __cdecl sf::Window::display(void)" (__imp_?display@Window@sf@@QEAAXXZ)
game_1.obj : error LNK2019: "__declspec(dllimport) public: void __cdecl sf::Transformable::setPosition(float,float)" (__imp_?setPosition@Transformable@sf@@QEAAXMM@Z)"void __cdecl main_game_1(void)" (?main_game_1@@YAXXZ) 함수에서 참조되는 확인할 수 없는 외부 기호
game_3.obj : error LNK2001: 확인할 수 없는 외부 기호 "__declspec(dllimport) public: void __cdecl sf::Transformable::setPosition(float,float)" (__imp_?setPosition@Transformable@sf@@QEAAXMM@Z)
main.obj : error LNK2001: 확인할 수 없는 외부 기호 "__declspec(dllimport) public: void __cdecl sf::Transformable::setPosition(float,float)" (__imp_?setPosition@Transformable@sf@@QEAAXMM@Z)
game_1.obj : error LNK2019: "__declspec(dllimport) public: class sf::Vector2<float> const & __cdecl sf::Transformable::getPosition(void)const " (__imp_?getPosition@Transformable@sf@@QEBAAEBV?$Vector2@M@2@XZ)"void __cdecl main_game_1(void)" (?main_game_1@@YAXXZ) 함수에서 참조되는 확인할 수 없는 외부 기호
main.obj : error LNK2001: 확인할 수 없는 외부 기호 "__declspec(dllimport) public: class sf::Vector2<float> const & __cdecl sf::Transformable::getPosition(void)const " (__imp_?getPosition@Transformable@sf@@QEBAAEBV?$Vector2@M@2@XZ)
game_1.obj : error LNK2019: "__declspec(dllimport) public: __cdecl sf::Texture::Texture(void)" (__imp_??0Texture@sf@@QEAA@XZ)"void __cdecl main_game_1(void)" (?main_game_1@@YAXXZ) 함수에서 참조되는 확인할 수 없는 외부 기호
game_3.obj : error LNK2001: 확인할 수 없는 외부 기호 "__declspec(dllimport) public: __cdecl sf::Texture::Texture(void)" (__imp_??0Texture@sf@@QEAA@XZ)
main.obj : error LNK2001: 확인할 수 없는 외부 기호 "__declspec(dllimport) public: __cdecl sf::Texture::Texture(void)" (__imp_??0Texture@sf@@QEAA@XZ)
game_1.obj : error LNK2019: "__declspec(dllimport) public: __cdecl sf::Texture::~Texture(void)" (__imp_??1Texture@sf@@QEAA@XZ)"void __cdecl main_game_1(void)" (?main_game_1@@YAXXZ) 함수에서 참조되는 확인할 수 없는 외부 기호
game_3.obj : error LNK2001: 확인할 수 없는 외부 기호 "__declspec(dllimport) public: __cdecl sf::Texture::~Texture(void)" (__imp_??1Texture@sf@@QEAA@XZ)
main.obj : error LNK2001: 확인할 수 없는 외부 기호 "__declspec(dllimport) public: __cdecl sf::Texture::~Texture(void)" (__imp_??1Texture@sf@@QEAA@XZ)
game_1.obj : error LNK2019: "__declspec(dllimport) public: bool __cdecl sf::Texture::loadFromFile(class std::basic_string<char,struct std::char_traits<char>,class std::allocator<char> > const &,class sf::Rect<int> const &)" (__imp_?loadFromFile@Texture@sf@@QEAA_NAEBV?$basic_string@DU?$char_traits@D@std@@V?$allocator@D@2@@std@@AEBV?$Rect@H@2@@Z)"void __cdecl main_game_1(void)" (?main_game_1@@YAXXZ) 함수에서 참조되는 확인할 수 없는 외부 기호
game_3.obj : error LNK2001: 확인할 수 없는 외부 기호 "__declspec(dllimport) public: bool __cdecl sf::Texture::loadFromFile(class std::basic_string<char,struct std::char_traits<char>,class std::allocator<char> > const &,class sf::Rect<int> const &)" (__imp_?loadFromFile@Texture@sf@@QEAA_NAEBV?$basic_string@DU?$char_traits@D@std@@V?$allocator@D@2@@std@@AEBV?$Rect@H@2@@Z)
main.obj : error LNK2001: 확인할 수 없는 외부 기호 "__declspec(dllimport) public: bool __cdecl sf::Texture::loadFromFile(class std::basic_string<char,struct std::char_traits<char>,class std::allocator<char> > const &,class sf::Rect<int> const &)" (__imp_?loadFromFile@Texture@sf@@QEAA_NAEBV?$basic_string@DU?$char_traits@D@std@@V?$allocator@D@2@@std@@AEBV?$Rect@H@2@@Z)
game_1.obj : error LNK2019: "__declspec(dllimport) public: void __cdecl sf::RenderTarget::draw(class sf::Drawable const &,class sf::RenderStates const &)" (__imp_?draw@RenderTarget@sf@@QEAAXAEBVDrawable@2@AEBVRenderStates@2@@Z)"void __cdecl main_game_1(void)" (?main_game_1@@YAXXZ) 함수에서 참조되는 확인할 수 없는 외부 기호
game_3.obj : error LNK2001: 확인할 수 없는 외부 기호 "__declspec(dllimport) public: void __cdecl sf::RenderTarget::draw(class sf::Drawable const &,class sf::RenderStates const &)" (__imp_?draw@RenderTarget@sf@@QEAAXAEBVDrawable@2@AEBVRenderStates@2@@Z)
main.obj : error LNK2001: 확인할 수 없는 외부 기호 "__declspec(dllimport) public: void __cdecl sf::RenderTarget::draw(class sf::Drawable const &,class sf::RenderStates const &)" (__imp_?draw@RenderTarget@sf@@QEAAXAEBVDrawable@2@AEBVRenderStates@2@@Z)
game_1.obj : error LNK2019: "__declspec(dllimport) public: __cdecl sf::RenderWindow::RenderWindow(class sf::VideoMode,class sf::String const &,unsigned int,struct sf::ContextSettings const &)" (__imp_??0RenderWindow@sf@@QEAA@VVideoMode@1@AEBVString@1@IAEBUContextSettings@1@@Z)"void __cdecl main_game_1(void)" (?main_game_1@@YAXXZ) 함수에서 참조되는 확인할 수 없는 외부 기호
game_3.obj : error LNK2001: 확인할 수 없는 외부 기호 "__declspec(dllimport) public: __cdecl sf::RenderWindow::RenderWindow(class sf::VideoMode,class sf::String const &,unsigned int,struct sf::ContextSettings const &)" (__imp_??0RenderWindow@sf@@QEAA@VVideoMode@1@AEBVString@1@IAEBUContextSettings@1@@Z)
main.obj : error LNK2001: 확인할 수 없는 외부 기호 "__declspec(dllimport) public: __cdecl sf::RenderWindow::RenderWindow(class sf::VideoMode,class sf::String const &,unsigned int,struct sf::ContextSettings const &)" (__imp_??0RenderWindow@sf@@QEAA@VVideoMode@1@AEBVString@1@IAEBUContextSettings@1@@Z)
game_1.obj : error LNK2019: "__declspec(dllimport) public: virtual __cdecl sf::RenderWindow::~RenderWindow(void)" (__imp_??1RenderWindow@sf@@UEAA@XZ)"void __cdecl main_game_1(void)" (?main_game_1@@YAXXZ) 함수에서 참조되는 확인할 수 없는 외부 기호
game_3.obj : error LNK2001: 확인할 수 없는 외부 기호 "__declspec(dllimport) public: virtual __cdecl sf::RenderWindow::~RenderWindow(void)" (__imp_??1RenderWindow@sf@@UEAA@XZ)
main.obj : error LNK2001: 확인할 수 없는 외부 기호 "__declspec(dllimport) public: virtual __cdecl sf::RenderWindow::~RenderWindow(void)" (__imp_??1RenderWindow@sf@@UEAA@XZ)
game_1.obj : error LNK2019: "__declspec(dllimport) public: __cdecl sf::Sprite::Sprite(void)" (__imp_??0Sprite@sf@@QEAA@XZ)"public: __cdecl TILE::TILE(void)" (??0TILE@@QEAA@XZ) 함수에서 참조되는 확인할 수 없는 외부 기호
game_3.obj : error LNK2001: 확인할 수 없는 외부 기호 "__declspec(dllimport) public: __cdecl sf::Sprite::Sprite(void)" (__imp_??0Sprite@sf@@QEAA@XZ)
main.obj : error LNK2001: 확인할 수 없는 외부 기호 "__declspec(dllimport) public: __cdecl sf::Sprite::Sprite(void)" (__imp_??0Sprite@sf@@QEAA@XZ)
game_1.obj : error LNK2019: "__declspec(dllimport) public: void __cdecl sf::Sprite::setTexture(class sf::Texture const &,bool)" (__imp_?setTexture@Sprite@sf@@QEAAXAEBVTexture@2@_N@Z)"void __cdecl main_game_1(void)" (?main_game_1@@YAXXZ) 함수에서 참조되는 확인할 수 없는 외부 기호
game_3.obj : error LNK2001: 확인할 수 없는 외부 기호 "__declspec(dllimport) public: void __cdecl sf::Sprite::setTexture(class sf::Texture const &,bool)" (__imp_?setTexture@Sprite@sf@@QEAAXAEBVTexture@2@_N@Z)
main.obj : error LNK2001: 확인할 수 없는 외부 기호 "__declspec(dllimport) public: void __cdecl sf::Sprite::setTexture(class sf::Texture const &,bool)" (__imp_?setTexture@Sprite@sf@@QEAAXAEBVTexture@2@_N@Z)
game_1.obj : error LNK2019: "__declspec(dllimport) public: class sf::Rect<float> __cdecl sf::Sprite::getGlobalBounds(void)const " (__imp_?getGlobalBounds@Sprite@sf@@QEBA?AV?$Rect@M@2@XZ)"void __cdecl main_game_1(void)" (?main_game_1@@YAXXZ) 함수에서 참조되는 확인할 수 없는 외부 기호
game_1.obj : error LNK2019: "__declspec(dllimport) public: virtual __cdecl sf::Sprite::~Sprite(void)" (__imp_??1Sprite@sf@@UEAA@XZ)"int `public: __cdecl TILE::TILE(void)'::`1'::dtor$0" (?dtor$0@?0???0TILE@@QEAA@XZ@4HA) 함수에서 참조되는 확인할 수 없는 외부 기호
game_3.obj : error LNK2001: 확인할 수 없는 외부 기호 "__declspec(dllimport) public: virtual __cdecl sf::Sprite::~Sprite(void)" (__imp_??1Sprite@sf@@UEAA@XZ)
main.obj : error LNK2001: 확인할 수 없는 외부 기호 "__declspec(dllimport) public: virtual __cdecl sf::Sprite::~Sprite(void)" (__imp_??1Sprite@sf@@UEAA@XZ)
game_1.obj : error LNK2019: "__declspec(dllimport) public: __cdecl sf::Sound::Sound(void)" (__imp_??0Sound@sf@@QEAA@XZ)"void __cdecl main_game_1(void)" (?main_game_1@@YAXXZ) 함수에서 참조되는 확인할 수 없는 외부 기호
game_1.obj : error LNK2019: "__declspec(dllimport) public: virtual __cdecl sf::Sound::~Sound(void)" (__imp_??1Sound@sf@@UEAA@XZ)"void __cdecl main_game_1(void)" (?main_game_1@@YAXXZ) 함수에서 참조되는 확인할 수 없는 외부 기호
game_1.obj : error LNK2019: "__declspec(dllimport) public: virtual void __cdecl sf::Sound::play(void)" (__imp_?play@Sound@sf@@UEAAXXZ)"void __cdecl main_game_1(void)" (?main_game_1@@YAXXZ) 함수에서 참조되는 확인할 수 없는 외부 기호
game_1.obj : error LNK2019: "__declspec(dllimport) public: void __cdecl sf::Sound::setBuffer(class sf::SoundBuffer const &)" (__imp_?setBuffer@Sound@sf@@QEAAXAEBVSoundBuffer@2@@Z)"void __cdecl main_game_1(void)" (?main_game_1@@YAXXZ) 함수에서 참조되는 확인할 수 없는 외부 기호
game_1.obj : error LNK2019: "__declspec(dllimport) public: __cdecl sf::SoundBuffer::SoundBuffer(void)" (__imp_??0SoundBuffer@sf@@QEAA@XZ)"void __cdecl main_game_1(void)" (?main_game_1@@YAXXZ) 함수에서 참조되는 확인할 수 없는 외부 기호
game_1.obj : error LNK2019: "__declspec(dllimport) public: __cdecl sf::SoundBuffer::~SoundBuffer(void)" (__imp_??1SoundBuffer@sf@@QEAA@XZ)"void __cdecl main_game_1(void)" (?main_game_1@@YAXXZ) 함수에서 참조되는 확인할 수 없는 외부 기호
game_1.obj : error LNK2019: "__declspec(dllimport) public: bool __cdecl sf::SoundBuffer::loadFromFile(class std::basic_string<char,struct std::char_traits<char>,class std::allocator<char> > const &)" (__imp_?loadFromFile@SoundBuffer@sf@@QEAA_NAEBV?$basic_string@DU?$char_traits@D@std@@V?$allocator@D@2@@std@@@Z)"void __cdecl main_game_1(void)" (?main_game_1@@YAXXZ) 함수에서 참조되는 확인할 수 없는 외부 기호
game_1.obj : error LNK2019: "__declspec(dllimport) public: static class sf::RenderStates const sf::RenderStates::Default" (__imp_?Default@RenderStates@sf@@2V12@B)"void __cdecl main_game_1(void)" (?main_game_1@@YAXXZ) 함수에서 참조되는 확인할 수 없는 외부 기호
game_3.obj : error LNK2001: 확인할 수 없는 외부 기호 "__declspec(dllimport) public: static class sf::RenderStates const sf::RenderStates::Default" (__imp_?Default@RenderStates@sf@@2V12@B)
main.obj : error LNK2001: 확인할 수 없는 외부 기호 "__declspec(dllimport) public: static class sf::RenderStates const sf::RenderStates::Default" (__imp_?Default@RenderStates@sf@@2V12@B)
game_3.obj : error LNK2019: "__declspec(dllimport) public: static class sf::Vector2<int> __cdecl sf::Mouse::getPosition(class sf::Window const &)" (__imp_?getPosition@Mouse@sf@@SA?AV?$Vector2@H@2@AEBVWindow@2@@Z)"void __cdecl main_game_3(void)" (?main_game_3@@YAXXZ) 함수에서 참조되는 확인할 수 없는 외부 기호
main.obj : error LNK2001: 확인할 수 없는 외부 기호 "__declspec(dllimport) public: static class sf::Vector2<int> __cdecl sf::Mouse::getPosition(class sf::Window const &)" (__imp_?getPosition@Mouse@sf@@SA?AV?$Vector2@H@2@AEBVWindow@2@@Z)
game_3.obj : error LNK2019: "__declspec(dllimport) public: __cdecl sf::Color::Color(unsigned char,unsigned char,unsigned char,unsigned char)" (__imp_??0Color@sf@@QEAA@EEEE@Z)"void __cdecl main_game_3(void)" (?main_game_3@@YAXXZ) 함수에서 참조되는 확인할 수 없는 외부 기호
main.obj : error LNK2001: 확인할 수 없는 외부 기호 "__declspec(dllimport) public: __cdecl sf::Color::Color(unsigned char,unsigned char,unsigned char,unsigned char)" (__imp_??0Color@sf@@QEAA@EEEE@Z)
game_3.obj : error LNK2019: "__declspec(dllimport) public: void __cdecl sf::RenderTarget::clear(class sf::Color const &)" (__imp_?clear@RenderTarget@sf@@QEAAXAEBVColor@2@@Z)"void __cdecl main_game_3(void)" (?main_game_3@@YAXXZ) 함수에서 참조되는 확인할 수 없는 외부 기호
main.obj : error LNK2001: 확인할 수 없는 외부 기호 "__declspec(dllimport) public: void __cdecl sf::RenderTarget::clear(class sf::Color const &)" (__imp_?clear@RenderTarget@sf@@QEAAXAEBVColor@2@@Z)
main.obj : error LNK2019: "__declspec(dllimport) public: void __cdecl sf::Transformable::setPosition(class sf::Vector2<float> const &)" (__imp_?setPosition@Transformable@sf@@QEAAXAEBV?$Vector2@M@2@@Z)main 함수에서 참조되는 확인할 수 없는 외부 기호
C:\Users\goflv\source\repos\kimchan122\kw_oss_team_4\kw_oss_team_4\x64\Debug\kw_oss_team_4.exe : fatal error LNK1120: 33개의 확인할 수 없는 외부 참조입니다.
